wildworld/platforms/android/CordovaLib/build/outputs/logs/manifest-merger-debug-report.txt
-- Merging decision tree log ---
manifest
ADDED from android\CordovaLib\AndroidManifest.xml:20:1-27:12
INJECTED from android\CordovaLib\AndroidManifest.xml:20:1-27:12
INJECTED from android\CordovaLib\AndroidManifest.xml:20:1-27:12
INJECTED from android\CordovaLib\AndroidManifest.xml:20:1-27:12
INJECTED from android\CordovaLib\AndroidManifest.xml:20:1-27:12
INJECTED from android\CordovaLib\AndroidManifest.xml:20:1-27:12
INJECTED from android\CordovaLib\AndroidManifest.xml:20:1-27:12
	package
		ADDED from android\CordovaLib\AndroidManifest.xml:21:7-35
		INJECTED from android\CordovaLib\AndroidManifest.xml
		INJECTED from android\CordovaLib\AndroidManifest.xml
	android:versionName
		ADDED from android\CordovaLib\AndroidManifest.xml:21:36-61
		INJECTED from android\CordovaLib\AndroidManifest.xml
		INJECTED from android\CordovaLib\AndroidManifest.xml
	xmlns:android
		ADDED from android\CordovaLib\AndroidManifest.xml:20:11-69
	android:versionCode
		ADDED from android\CordovaLib\AndroidManifest.xml:21:62-85
		INJECTED from android\CordovaLib\AndroidManifest.xml
		INJECTED from android\CordovaLib\AndroidManifest.xml
uses-sdk
ADDED from android\CordovaLib\AndroidManifest.xml:22:5-44
	android:minSdkVersion
		ADDED from android\CordovaLib\AndroidManifest.xml:22:15-41
uses-permission#android.permission.RECORD_AUDIO
ADDED from android\CordovaLib\AndroidManifest.xml:23:5-71
	android:name
		ADDED from android\CordovaLib\AndroidManifest.xml:23:22-68
uses-permission#android.permission.READ_PHONE_STATE
ADDED from android\CordovaLib\AndroidManifest.xml:24:5-74
	android:name
		ADDED from android\CordovaLib\AndroidManifest.xml:24:22-72
uses-permission#android.permission.GET_ACCOUNTS
ADDED from android\CordovaLib\AndroidManifest.xml:25:5-70
	android:name
		ADDED from android\CordovaLib\AndroidManifest.xml:25:22-68
uses-permission#android.permission.READ_CONTACTS
ADDED from android\CordovaLib\AndroidManifest.xml:26:5-71
	android:name
		ADDED from android\CordovaLib\AndroidManifest.xml:26:22-69